Copyright 1986-2015 Xilinx, Inc. All Rights Reserved.
-----------------------------------------------------------------------------------------
| Tool Version      : Vivado v.2015.4 (win64) Build 1412921 Wed Nov 18 09:43:45 MST 2015
| Date              : Tue Apr 24 13:37:25 2018
| Host              : DESKTOP-F0JIDD9 running 64-bit major release  (build 9200)
| Command           : report_clock_utilization -file top_clock_utilization_routed.rpt
| Design            : top
| Device            : 7a100t-csg324
| Speed File        : -1  PRODUCTION 1.14 2014-09-11
| Temperature Grade : C
-----------------------------------------------------------------------------------------

Clock Utilization Report

Table of Contents
-----------------
1. Clock Primitive Utilization
2. Details of Global Clocks
3. Details of Regional Clocks
4. Details of Multi-Regional Clocks
5. Details of I/O Clocks
6. Details of Local Clocks
7. Clock Regions : Key Resource Utilization
8. Net wise resources used in clock region X0Y1
9. Net wise resources used in clock region X1Y1
10. Net wise resources used in clock region X0Y2

1. Clock Primitive Utilization
------------------------------

+-------+------+-----------+-----------+
| Type  | Used | Available | Num Fixed |
+-------+------+-----------+-----------+
| BUFG  |    2 |        32 |         0 |
| BUFH  |    0 |        96 |         0 |
| BUFIO |    0 |        24 |         0 |
| MMCM  |    0 |         6 |         0 |
| PLL   |    0 |         6 |         0 |
| BUFR  |    0 |        24 |         0 |
| BUFMR |    0 |        12 |         0 |
+-------+------+-----------+-----------+


2. Details of Global Clocks
---------------------------

+-------+--------------------+---------------+--------------+-------+
|       |                    |               |   Num Loads  |       |
+-------+--------------------+---------------+------+-------+-------+
| Index | BUFG Cell          | Net Name      | BELs | Sites | Fixed |
+-------+--------------------+---------------+------+-------+-------+
|     1 | clk_IBUF_BUFG_inst | clk_IBUF_BUFG |   19 |     6 |    no |
|     2 | n_0_1169_BUFG_inst | n_0_1169_BUFG |  238 |    60 |    no |
+-------+--------------------+---------------+------+-------+-------+


3. Details of Regional Clocks
-----------------------------

4. Details of Multi-Regional Clocks
-----------------------------------

5. Details of I/O Clocks
------------------------

6. Details of Local Clocks
--------------------------

+-------+---------------+-----------+--------------+-------+
|       |               |           |   Num Loads  |       |
+-------+---------------+-----------+------+-------+-------+
| Index | Local Clk Src | Net Name  | BELs | Sites | Fixed |
+-------+---------------+-----------+------+-------+-------+
|     1 | c2/q_reg[17]  | c2/disclk |   19 |    12 |    no |
+-------+---------------+-----------+------+-------+-------+


7. Clock Regions : Key Resource Utilization
-------------------------------------------

+-------------------+--------------+--------------+--------------+--------------+--------------+--------------+--------------+--------------+--------------+--------------+--------------+--------------+--------------+--------------+--------------+
|                   | Global Clock |     BUFRs    |    BUFMRs    |    BUFIOs    |     MMCM     |      PLL     |      GT      |      PCI     |    ILOGIC    |    OLOGIC    |      FF      |     LUTM     |    RAMB18    |    RAMB36    |    DSP48E1   |
+-------------------+------+-------+------+-------+------+-------+------+-------+------+-------+------+-------+------+-------+------+-------+------+-------+------+-------+------+-------+------+-------+------+-------+------+-------+------+-------+
| Clock Region Name | Used | Avail | Used | Avail | Used | Avail | Used | Avail | Used | Avail | Used | Avail | Used | Avail | Used | Avail | Used | Avail | Used | Avail | Used | Avail | Used | Avail | Used | Avail | Used | Avail | Used | Avail |
+-------------------+------+-------+------+-------+------+-------+------+-------+------+-------+------+-------+------+-------+------+-------+------+-------+------+-------+------+-------+------+-------+------+-------+------+-------+------+-------+
| X0Y0              |    0 |    12 |    0 |     4 |    0 |     2 |    0 |     4 |    0 |     1 |    0 |     1 |    0 |     0 |    0 |     0 |    0 |    50 |    0 |    50 |    0 | 20800 |    0 |  2400 |    0 |    20 |    0 |    10 |    0 |    20 |
| X1Y0              |    0 |    12 |    0 |     0 |    0 |     0 |    0 |     0 |    0 |     0 |    0 |     0 |    0 |     5 |    0 |     0 |    0 |     0 |    0 |     0 |    0 | 12000 |    0 |  2200 |    0 |    40 |    0 |    20 |    0 |    40 |
| X0Y1              |    2 |    12 |    0 |     4 |    0 |     2 |    0 |     4 |    0 |     1 |    0 |     1 |    0 |     0 |    0 |     0 |    0 |    50 |    0 |    50 |   60 | 16000 |  124 |  2400 |    0 |    20 |    0 |    10 |    0 |    20 |
| X1Y1              |    1 |    12 |    0 |     4 |    0 |     2 |    0 |     4 |    0 |     1 |    0 |     1 |    0 |     0 |    0 |     0 |    0 |    50 |    0 |    50 |    1 | 15200 |    0 |  2600 |    0 |    60 |    0 |    30 |    0 |    40 |
| X0Y2              |    1 |    12 |    0 |     4 |    0 |     2 |    0 |     4 |    0 |     1 |    0 |     1 |    0 |     0 |    0 |     0 |    0 |    50 |    0 |    50 |    6 | 16000 |   84 |  2400 |    0 |    20 |    0 |    10 |    0 |    20 |
| X1Y2              |    0 |    12 |    0 |     4 |    0 |     2 |    0 |     4 |    0 |     1 |    0 |     1 |    0 |     0 |    0 |     0 |    0 |    50 |    0 |    50 |    0 | 15200 |    0 |  2600 |    0 |    60 |    0 |    30 |    0 |    40 |
| X0Y3              |    0 |    12 |    0 |     4 |    0 |     2 |    0 |     4 |    0 |     1 |    0 |     1 |    0 |     0 |    0 |     0 |    0 |    50 |    0 |    50 |    0 | 20800 |    0 |  2400 |    0 |    20 |    0 |    10 |    0 |    20 |
| X1Y3              |    0 |    12 |    0 |     0 |    0 |     0 |    0 |     0 |    0 |     0 |    0 |     0 |    0 |     5 |    0 |     1 |    0 |     0 |    0 |     0 |    0 | 10800 |    0 |  2000 |    0 |    30 |    0 |    15 |    0 |    40 |
+-------------------+------+-------+------+-------+------+-------+------+-------+------+-------+------+-------+------+-------+------+-------+------+-------+------+-------+------+-------+------+-------+------+-------+------+-------+------+-------+
* RAMB36 site can be used as two RAMB18/FIFO18 sites.


8. Net wise resources used in clock region X0Y1
-----------------------------------------------

+-------------+--------------+-------+-----------+----------+---------+-----------+---------+---------+-----+-------+----------+----------------+
| Source Type | BUFHCE Site  | Fixed | MMCM Pins | PLL Pins | GT Pins | BRAM Pins | ILOGICs | OLOGICs | FFs | LUTMs | DSP48E1s | Clock Net Name |
+-------------+--------------+-------+-----------+----------+---------+-----------+---------+---------+-----+-------+----------+----------------+
| BUFG        | BUFHCE_X0Y21 |   no  |         0 |        0 |       0 |         0 |       0 |       0 |  18 |     0 |        0 | clk_IBUF_BUFG  |
| BUFG        | BUFHCE_X0Y20 |   no  |         0 |        0 |       0 |         0 |       0 |       0 |  24 |   124 |        0 | n_0_1169_BUFG  |
+-------------+--------------+-------+-----------+----------+---------+-----------+---------+---------+-----+-------+----------+----------------+


9. Net wise resources used in clock region X1Y1
-----------------------------------------------

+-------------+--------------+-------+-----------+----------+---------+-----------+---------+---------+-----+-------+----------+----------------+
| Source Type | BUFHCE Site  | Fixed | MMCM Pins | PLL Pins | GT Pins | BRAM Pins | ILOGICs | OLOGICs | FFs | LUTMs | DSP48E1s | Clock Net Name |
+-------------+--------------+-------+-----------+----------+---------+-----------+---------+---------+-----+-------+----------+----------------+
| BUFG        | BUFHCE_X1Y20 |   no  |         0 |        0 |       0 |         0 |       0 |       0 |   1 |     0 |        0 | clk_IBUF_BUFG  |
+-------------+--------------+-------+-----------+----------+---------+-----------+---------+---------+-----+-------+----------+----------------+


10. Net wise resources used in clock region X0Y2
------------------------------------------------

+-------------+--------------+-------+-----------+----------+---------+-----------+---------+---------+-----+-------+----------+----------------+
| Source Type | BUFHCE Site  | Fixed | MMCM Pins | PLL Pins | GT Pins | BRAM Pins | ILOGICs | OLOGICs | FFs | LUTMs | DSP48E1s | Clock Net Name |
+-------------+--------------+-------+-----------+----------+---------+-----------+---------+---------+-----+-------+----------+----------------+
| BUFG        | BUFHCE_X0Y32 |   no  |         0 |        0 |       0 |         0 |       0 |       0 |   6 |    84 |        0 | n_0_1169_BUFG  |
+-------------+--------------+-------+-----------+----------+---------+-----------+---------+---------+-----+-------+----------+----------------+



# Location of BUFG Primitives 
set_property LOC BUFGCTRL_X0Y16 [get_cells clk_IBUF_BUFG_inst]
set_property LOC BUFGCTRL_X0Y0 [get_cells n_0_1169_BUFG_inst]

# Location of IO Clock Primitives

# Location of MMCM Clock Primitives

# Location of BUFH Clock Primitives

# Location of BUFR Clock Primitives

# Location of BUFMR Clock Primitives

# Location of PLL Clock Primitives

# Location of IO Primitives which is load of clock spine

# Location of clock ports
set_property LOC IOB_X1Y126 [get_ports clk]

# Clock net "c2/disclk" driven by instance "c2/q_reg[17]" located at site "SLICE_X0Y85"
#startgroup
create_pblock {CLKAG_c2/disclk}
add_cells_to_pblock [get_pblocks  {CLKAG_c2/disclk}] [get_cells -filter { PRIMITIVE_GROUP != I/O && IS_PRIMITIVE==1 && PRIMITIVE_LEVEL !=INTERNAL } -of_object [get_pins -filter {DIRECTION==IN} -of_objects [get_nets -hierarchical -filter {PARENT=="c2/disclk"}]]]
resize_pblock [get_pblocks {CLKAG_c2/disclk}] -add {CLOCKREGION_X0Y1:CLOCKREGION_X0Y1}
#endgroup

# Clock net "clk_IBUF_BUFG" driven by instance "clk_IBUF_BUFG_inst" located at site "BUFGCTRL_X0Y16"
#startgroup
create_pblock {CLKAG_clk_IBUF_BUFG}
add_cells_to_pblock [get_pblocks  {CLKAG_clk_IBUF_BUFG}] [get_cells -filter { PRIMITIVE_GROUP != I/O && IS_PRIMITIVE==1 && PRIMITIVE_LEVEL !=INTERNAL } -of_object [get_pins -filter {DIRECTION==IN} -of_objects [get_nets -hierarchical -filter {PARENT=="clk_IBUF_BUFG"}]]]
resize_pblock [get_pblocks {CLKAG_clk_IBUF_BUFG}] -add {CLOCKREGION_X0Y1:CLOCKREGION_X0Y1 CLOCKREGION_X1Y1:CLOCKREGION_X1Y1}
#endgroup

# Clock net "n_0_1169_BUFG" driven by instance "n_0_1169_BUFG_inst" located at site "BUFGCTRL_X0Y0"
#startgroup
create_pblock {CLKAG_n_0_1169_BUFG}
add_cells_to_pblock [get_pblocks  {CLKAG_n_0_1169_BUFG}] [get_cells -filter { PRIMITIVE_GROUP != I/O && IS_PRIMITIVE==1 && PRIMITIVE_LEVEL !=INTERNAL } -of_object [get_pins -filter {DIRECTION==IN} -of_objects [get_nets -hierarchical -filter {PARENT=="n_0_1169_BUFG"}]]]
resize_pblock [get_pblocks {CLKAG_n_0_1169_BUFG}] -add {CLOCKREGION_X0Y1:CLOCKREGION_X0Y1 CLOCKREGION_X0Y2:CLOCKREGION_X0Y2}
#endgroup
